<?xml version="1.0" encoding="UTF-8"?>
<!-- Generated by org.testng.reporters.JUnitXMLReporter -->
<testsuite ignored="0" hostname="WIN-2P8QAF1IA5A" failures="0" tests="4" name="Default test" time="0.118" errors="0" timestamp="2021-12-23T23:00:00 PST">
  <testcase classname="testpack.NewTest" name="f4" time="0.022"/>
  <testcase classname="testpack.NewTest" name="f2" time="0.002"/>
  <testcase classname="testpack.NewTest" name="f3" time="0.003"/>
  <testcase classname="testpack.NewTest" name="f1" time="0.001"/>
</testsuite> <!-- Default test -->
