<?xml version="1.0" encoding="UTF-8"?>
<testng-results ignored="0" total="4" passed="4" failed="0" skipped="0">
  <reporter-output>
  </reporter-output>
  <suite started-at="2021-12-23T23:00:00 PST" name="Default suite" finished-at="2021-12-23T23:00:00 PST" duration-ms="118">
    <groups>
    </groups>
    <test started-at="2021-12-23T23:00:00 PST" name="Default test" finished-at="2021-12-23T23:00:00 PST" duration-ms="118">
      <class name="testpack.NewTest">
        <test-method is-config="true" signature="beforeTest()[pri:0, instance:testpack.NewTest@10959ece]" started-at="2021-12-23T23:00:00 PST" name="beforeTest" finished-at="2021-12-23T23:00:00 PST" duration-ms="9" status="PASS">
          <reporter-output>
          </reporter-output>
        </test-method> <!-- beforeTest -->
        <test-method signature="f4()[pri:1, instance:testpack.NewTest@10959ece]" started-at="2021-12-23T23:00:00 PST" name="f4" finished-at="2021-12-23T23:00:00 PST" duration-ms="22" status="PASS">
          <reporter-output>
          </reporter-output>
        </test-method> <!-- f4 -->
        <test-method signature="f2()[pri:2, instance:testpack.NewTest@10959ece]" started-at="2021-12-23T23:00:00 PST" name="f2" finished-at="2021-12-23T23:00:00 PST" duration-ms="2" status="PASS">
          <reporter-output>
          </reporter-output>
        </test-method> <!-- f2 -->
        <test-method signature="f3()[pri:3, instance:testpack.NewTest@10959ece]" started-at="2021-12-23T23:00:00 PST" name="f3" finished-at="2021-12-23T23:00:00 PST" duration-ms="3" status="PASS">
          <reporter-output>
          </reporter-output>
        </test-method> <!-- f3 -->
        <test-method signature="f1()[pri:4, instance:testpack.NewTest@10959ece]" started-at="2021-12-23T23:00:00 PST" name="f1" finished-at="2021-12-23T23:00:00 PST" duration-ms="1" status="PASS">
          <reporter-output>
          </reporter-output>
        </test-method> <!-- f1 -->
        <test-method is-config="true" signature="afterTest()[pri:0, instance:testpack.NewTest@10959ece]" started-at="2021-12-23T23:00:00 PST" name="afterTest" finished-at="2021-12-23T23:00:00 PST" duration-ms="1" status="PASS">
          <reporter-output>
          </reporter-output>
        </test-method> <!-- afterTest -->
      </class> <!-- testpack.NewTest -->
    </test> <!-- Default test -->
  </suite> <!-- Default suite -->
</testng-results>
